#
# There is insufficient memory for the Java Runtime Environment to continue.
# Native memory allocation (malloc) failed to allocate 1654016 bytes for Chunk::new
# Possible reasons:
#   The system is out of physical RAM or swap space
#   In 32 bit mode, the process size limit was hit
# Possible solutions:
#   Reduce memory load on the system
#   Increase physical memory or swap space
#   Check if swap backing store is full
#   Use 64 bit Java on a 64 bit OS
#   Decrease Java heap size (-Xmx/-Xms)
#   Decrease number of Java threads
#   Decrease Java thread stack sizes (-Xss)
#   Set larger code cache with -XX:ReservedCodeCacheSize=
# This output file may be truncated or incomplete.
#
#  Out of Memory Error (allocation.cpp:390), pid=9564, tid=9504
#
# JRE version: Java(TM) SE Runtime Environment (8.0_31-b13) (build 1.8.0_31-b13)
# Java VM: Java HotSpot(TM) 64-Bit Server VM (25.31-b07 mixed mode windows-amd64 compressed oops)
# Failed to write core dump. Minidumps are not enabled by default on client versions of Windows
#

---------------  T H R E A D  ---------------

Current thread (0x0000000019dce000):  JavaThread "C2 CompilerThread2" daemon [_thread_in_native, id=9504, stack(0x000000001a5a0000,0x000000001a6a0000)]

Stack: [0x000000001a5a0000,0x000000001a6a0000]
Native frames: (J=compiled Java code, j=interpreted, Vv=VM code, C=native code)
V  [jvm.dll+0x3169ba]
V  [jvm.dll+0x2674c3]
V  [jvm.dll+0x268103]
V  [jvm.dll+0x25f8f5]
V  [jvm.dll+0xbf025]
V  [jvm.dll+0xbf4cc]
V  [jvm.dll+0x45df82]
V  [jvm.dll+0x49f21f]
V  [jvm.dll+0x452b35]
V  [jvm.dll+0x454124]
V  [jvm.dll+0x437c62]
V  [jvm.dll+0x988e2]
V  [jvm.dll+0x990d3]
V  [jvm.dll+0x22c194]
V  [jvm.dll+0x28576a]
C  [msvcr100.dll+0x21d9f]
C  [msvcr100.dll+0x21e3b]
C  [KERNEL32.DLL+0x13d2]
C  [ntdll.dll+0x154e4]


Current CompileTask:
C2:  15091 2971       4       java.net.URLClassLoader$1::run (5 bytes)


---------------  P R O C E S S  ---------------

Java Threads: ( => current thread )
  0x0000000019e71000 JavaThread "Service Thread" daemon [_thread_blocked, id=8700, stack(0x000000001a7a0000,0x000000001a8a0000)]
  0x0000000019de2800 JavaThread "C1 CompilerThread3" daemon [_thread_blocked, id=8664, stack(0x000000001a6a0000,0x000000001a7a0000)]
=>0x0000000019dce000 JavaThread "C2 CompilerThread2" daemon [_thread_in_native, id=9504, stack(0x000000001a5a0000,0x000000001a6a0000)]
  0x0000000019dcd800 JavaThread "C2 CompilerThread1" daemon [_thread_blocked, id=2988, stack(0x000000001a4a0000,0x000000001a5a0000)]
  0x0000000019dc9800 JavaThread "C2 CompilerThread0" daemon [_thread_in_native, id=3496, stack(0x000000001a3a0000,0x000000001a4a0000)]
  0x0000000019dc6800 JavaThread "Attach Listener" daemon [_thread_blocked, id=7508, stack(0x000000001a2a0000,0x000000001a3a0000)]
  0x0000000019dc5800 JavaThread "Signal Dispatcher" daemon [_thread_blocked, id=10220, stack(0x000000001a1a0000,0x000000001a2a0000)]
  0x0000000002d99800 JavaThread "Finalizer" daemon [_thread_blocked, id=8268, stack(0x0000000019ca0000,0x0000000019da0000)]
  0x0000000002d93000 JavaThread "Reference Handler" daemon [_thread_blocked, id=5452, stack(0x0000000019ba0000,0x0000000019ca0000)]
  0x000000000133e000 JavaThread "main" [_thread_in_native, id=13212, stack(0x0000000002ba0000,0x0000000002ca0000)]

Other Threads:
  0x0000000017db9000 VMThread [stack: 0x0000000019aa0000,0x0000000019ba0000] [id=1448]
  0x0000000019e72000 WatcherThread [stack: 0x000000001a8a0000,0x000000001a9a0000] [id=3664]

VM state:not at safepoint (normal execution)

VM Mutex/Monitor currently owned by a thread: None

Heap:
 PSYoungGen      total 39936K, used 25546K [0x00000000d5a00000, 0x00000000d8980000, 0x0000000100000000)
  eden space 32256K, 55% used [0x00000000d5a00000,0x00000000d6b7f850,0x00000000d7980000)
  from space 7680K, 99% used [0x00000000d8180000,0x00000000d88f3050,0x00000000d8900000)
  to   space 8192K, 0% used [0x00000000d7980000,0x00000000d7980000,0x00000000d8180000)
 ParOldGen       total 87552K, used 5762K [0x0000000080e00000, 0x0000000086380000, 0x00000000d5a00000)
  object space 87552K, 6% used [0x0000000080e00000,0x00000000813a0b50,0x0000000086380000)
 Metaspace       used 14515K, capacity 14876K, committed 15232K, reserved 1062912K
  class space    used 1676K, capacity 1801K, committed 1920K, reserved 1048576K

Card table byte_map: [0x0000000012160000,0x0000000012560000] byte_map_base: 0x0000000011d59000

Marking Bits: (ParMarkBitMap*) 0x000000005c76d4f0
 Begin Bits: [0x0000000013010000, 0x0000000014fd8000)
 End Bits:   [0x0000000014fd8000, 0x0000000016fa0000)

Polling page: 0x0000000001400000

CodeCache: size=245760Kb used=9278Kb max_used=9897Kb free=236481Kb
 bounds [0x0000000002da0000, 0x0000000003770000, 0x0000000011da0000]
 total_blobs=3015 nmethods=2692 adapters=236
 compilation: enabled

Compilation events (10 events):
Event: 14.913 Thread 0x0000000019de2800 nmethod 2983 0x00000000030b6810 code [0x00000000030b6980, 0x00000000030b6ce8]
Event: 14.913 Thread 0x0000000019de2800 2981       1       org.apache.maven.plugin.MojoExecution::getMojoDescriptor (5 bytes)
Event: 14.913 Thread 0x0000000019de2800 nmethod 2981 0x00000000031d5c10 code [0x00000000031d5d60, 0x00000000031d5e70]
Event: 14.917 Thread 0x0000000019de2800 2984       3       java.util.Date::getTime (5 bytes)
Event: 14.917 Thread 0x0000000019de2800 nmethod 2984 0x0000000002ecd150 code [0x0000000002ecd2c0, 0x0000000002ecd5c8]
Event: 14.924 Thread 0x0000000019dc9800 nmethod 2968 0x0000000002ef3810 code [0x0000000002ef39c0, 0x0000000002ef4e88]
Event: 14.926 Thread 0x0000000019de2800 2985       3       java.nio.charset.CharsetDecoder::replaceWith (68 bytes)
Event: 14.927 Thread 0x0000000019de2800 nmethod 2985 0x0000000003327750 code [0x0000000003327900, 0x0000000003327ed8]
Event: 14.930 Thread 0x0000000019dcd800 2986       4       java.util.LinkedList::unlinkLast (64 bytes)
Event: 14.930 Thread 0x0000000019dcd800 nmethod 2986 0x0000000002ebd910 code [0x0000000002ebda40, 0x0000000002ebdaf8]

GC Heap History (10 events):
Event: 1.509 GC heap before
{Heap before GC invocations=2 (full 0):
 PSYoungGen      total 38400K, used 38030K [0x00000000d5a00000, 0x00000000d8480000, 0x0000000100000000)
  eden space 33280K, 100% used [0x00000000d5a00000,0x00000000d7a80000,0x00000000d7a80000)
  from space 5120K, 92% used [0x00000000d7a80000,0x00000000d7f23a78,0x00000000d7f80000)
  to   space 5120K, 0% used [0x00000000d7f80000,0x00000000d7f80000,0x00000000d8480000)
 ParOldGen       total 87552K, used 16K [0x0000000080e00000, 0x0000000086380000, 0x00000000d5a00000)
  object space 87552K, 0% used [0x0000000080e00000,0x0000000080e04000,0x0000000086380000)
 Metaspace       used 12104K, capacity 12306K, committed 12672K, reserved 1060864K
  class space    used 1482K, capacity 1546K, committed 1664K, reserved 1048576K
Event: 1.516 GC heap after
Heap after GC invocations=2 (full 0):
 PSYoungGen      total 38400K, used 5088K [0x00000000d5a00000, 0x00000000d8480000, 0x0000000100000000)
  eden space 33280K, 0% used [0x00000000d5a00000,0x00000000d5a00000,0x00000000d7a80000)
  from space 5120K, 99% used [0x00000000d7f80000,0x00000000d84783b8,0x00000000d8480000)
  to   space 5120K, 0% used [0x00000000d7a80000,0x00000000d7a80000,0x00000000d7f80000)
 ParOldGen       total 87552K, used 2095K [0x0000000080e00000, 0x0000000086380000, 0x00000000d5a00000)
  object space 87552K, 2% used [0x0000000080e00000,0x000000008100bd88,0x0000000086380000)
 Metaspace       used 12104K, capacity 12306K, committed 12672K, reserved 1060864K
  class space    used 1482K, capacity 1546K, committed 1664K, reserved 1048576K
}
Event: 2.651 GC heap before
{Heap before GC invocations=3 (full 0):
 PSYoungGen      total 38400K, used 38368K [0x00000000d5a00000, 0x00000000d8480000, 0x0000000100000000)
  eden space 33280K, 100% used [0x00000000d5a00000,0x00000000d7a80000,0x00000000d7a80000)
  from space 5120K, 99% used [0x00000000d7f80000,0x00000000d84783b8,0x00000000d8480000)
  to   space 5120K, 0% used [0x00000000d7a80000,0x00000000d7a80000,0x00000000d7f80000)
 ParOldGen       total 87552K, used 2095K [0x0000000080e00000, 0x0000000086380000, 0x00000000d5a00000)
  object space 87552K, 2% used [0x0000000080e00000,0x000000008100bd88,0x0000000086380000)
 Metaspace       used 12561K, capacity 12810K, committed 13184K, reserved 1060864K
  class space    used 1516K, capacity 1582K, committed 1664K, reserved 1048576K
Event: 2.655 GC heap after
Heap after GC invocations=3 (full 0):
 PSYoungGen      total 38400K, used 5088K [0x00000000d5a00000, 0x00000000d8480000, 0x0000000100000000)
  eden space 33280K, 0% used [0x00000000d5a00000,0x00000000d5a00000,0x00000000d7a80000)
  from space 5120K, 99% used [0x00000000d7a80000,0x00000000d7f78020,0x00000000d7f80000)
  to   space 5120K, 0% used [0x00000000d7f80000,0x00000000d7f80000,0x00000000d8480000)
 ParOldGen       total 87552K, used 2826K [0x0000000080e00000, 0x0000000086380000, 0x00000000d5a00000)
  object space 87552K, 3% used [0x0000000080e00000,0x00000000810c2b50,0x0000000086380000)
 Metaspace       used 12561K, capacity 12810K, committed 13184K, reserved 1060864K
  class space    used 1516K, capacity 1582K, committed 1664K, reserved 1048576K
}
Event: 7.066 GC heap before
{Heap before GC invocations=4 (full 0):
 PSYoungGen      total 38400K, used 38368K [0x00000000d5a00000, 0x00000000d8480000, 0x0000000100000000)
  eden space 33280K, 100% used [0x00000000d5a00000,0x00000000d7a80000,0x00000000d7a80000)
  from space 5120K, 99% used [0x00000000d7a80000,0x00000000d7f78020,0x00000000d7f80000)
  to   space 5120K, 0% used [0x00000000d7f80000,0x00000000d7f80000,0x00000000d8480000)
 ParOldGen       total 87552K, used 2826K [0x0000000080e00000, 0x0000000086380000, 0x00000000d5a00000)
  object space 87552K, 3% used [0x0000000080e00000,0x00000000810c2b50,0x0000000086380000)
 Metaspace       used 12900K, capacity 13084K, committed 13440K, reserved 1060864K
  class space    used 1528K, capacity 1585K, committed 1664K, reserved 1048576K
Event: 7.071 GC heap after
Heap after GC invocations=4 (full 0):
 PSYoungGen      total 38400K, used 5088K [0x00000000d5a00000, 0x00000000d8480000, 0x0000000100000000)
  eden space 33280K, 0% used [0x00000000d5a00000,0x00000000d5a00000,0x00000000d7a80000)
  from space 5120K, 99% used [0x00000000d7f80000,0x00000000d8478040,0x00000000d8480000)
  to   space 5120K, 0% used [0x00000000d7a80000,0x00000000d7a80000,0x00000000d7f80000)
 ParOldGen       total 87552K, used 4194K [0x0000000080e00000, 0x0000000086380000, 0x00000000d5a00000)
  object space 87552K, 4% used [0x0000000080e00000,0x0000000081218b50,0x0000000086380000)
 Metaspace       used 12900K, capacity 13084K, committed 13440K, reserved 1060864K
  class space    used 1528K, capacity 1585K, committed 1664K, reserved 1048576K
}
Event: 11.755 GC heap before
{Heap before GC invocations=5 (full 0):
 PSYoungGen      total 38400K, used 38368K [0x00000000d5a00000, 0x00000000d8480000, 0x0000000100000000)
  eden space 33280K, 100% used [0x00000000d5a00000,0x00000000d7a80000,0x00000000d7a80000)
  from space 5120K, 99% used [0x00000000d7f80000,0x00000000d8478040,0x00000000d8480000)
  to   space 5120K, 0% used [0x00000000d7a80000,0x00000000d7a80000,0x00000000d7f80000)
 ParOldGen       total 87552K, used 4194K [0x0000000080e00000, 0x0000000086380000, 0x00000000d5a00000)
  object space 87552K, 4% used [0x0000000080e00000,0x0000000081218b50,0x0000000086380000)
 Metaspace       used 13092K, capacity 13340K, committed 13696K, reserved 1060864K
  class space    used 1529K, capacity 1585K, committed 1664K, reserved 1048576K
Event: 11.770 GC heap after
Heap after GC invocations=5 (full 0):
 PSYoungGen      total 37888K, used 5104K [0x00000000d5a00000, 0x00000000d8900000, 0x0000000100000000)
  eden space 32768K, 0% used [0x00000000d5a00000,0x00000000d5a00000,0x00000000d7a00000)
  from space 5120K, 99% used [0x00000000d7a80000,0x00000000d7f7c030,0x00000000d7f80000)
  to   space 7680K, 0% used [0x00000000d8180000,0x00000000d8180000,0x00000000d8900000)
 ParOldGen       total 87552K, used 5754K [0x0000000080e00000, 0x0000000086380000, 0x00000000d5a00000)
  object space 87552K, 6% used [0x0000000080e00000,0x000000008139eb50,0x0000000086380000)
 Metaspace       used 13092K, capacity 13340K, committed 13696K, reserved 1060864K
  class space    used 1529K, capacity 1585K, committed 1664K, reserved 1048576K
}
Event: 14.296 GC heap before
{Heap before GC invocations=6 (full 0):
 PSYoungGen      total 37888K, used 37872K [0x00000000d5a00000, 0x00000000d8900000, 0x0000000100000000)
  eden space 32768K, 100% used [0x00000000d5a00000,0x00000000d7a00000,0x00000000d7a00000)
  from space 5120K, 99% used [0x00000000d7a80000,0x00000000d7f7c030,0x00000000d7f80000)
  to   space 7680K, 0% used [0x00000000d8180000,0x00000000d8180000,0x00000000d8900000)
 ParOldGen       total 87552K, used 5754K [0x0000000080e00000, 0x0000000086380000, 0x00000000d5a00000)
  object space 87552K, 6% used [0x0000000080e00000,0x000000008139eb50,0x0000000086380000)
 Metaspace       used 14102K, capacity 14380K, committed 14592K, reserved 1062912K
  class space    used 1649K, capacity 1761K, committed 1792K, reserved 1048576K
Event: 14.302 GC heap after
Heap after GC invocations=6 (full 0):
 PSYoungGen      total 39936K, used 7628K [0x00000000d5a00000, 0x00000000d8980000, 0x0000000100000000)
  eden space 32256K, 0% used [0x00000000d5a00000,0x00000000d5a00000,0x00000000d7980000)
  from space 7680K, 99% used [0x00000000d8180000,0x00000000d88f3050,0x00000000d8900000)
  to   space 8192K, 0% used [0x00000000d7980000,0x00000000d7980000,0x00000000d8180000)
 ParOldGen       total 87552K, used 5762K [0x0000000080e00000, 0x0000000086380000, 0x00000000d5a00000)
  object space 87552K, 6% used [0x0000000080e00000,0x00000000813a0b50,0x0000000086380000)
 Metaspace       used 14102K, capacity 14380K, committed 14592K, reserved 1062912K
  class space    used 1649K, capacity 1761K, committed 1792K, reserved 1048576K
}

Deoptimization events (10 events):
Event: 2.697 Thread 0x000000000133e000 Uncommon trap: reason=bimorphic action=maybe_recompile pc=0x0000000003119f28 method=java.util.HashMap.putVal(ILjava/lang/Object;Ljava/lang/Object;ZZ)Ljava/lang/Object; @ 203
Event: 2.943 Thread 0x000000000133e000 Uncommon trap: reason=bimorphic action=maybe_recompile pc=0x000000000339c178 method=java.util.regex.Pattern$Curly.match0(Ljava/util/regex/Matcher;IILjava/lang/CharSequence;)Z @ 170
Event: 2.943 Thread 0x000000000133e000 Uncommon trap: reason=bimorphic action=maybe_recompile pc=0x000000000339c178 method=java.util.regex.Pattern$Curly.match0(Ljava/util/regex/Matcher;IILjava/lang/CharSequence;)Z @ 170
Event: 2.945 Thread 0x000000000133e000 Uncommon trap: reason=bimorphic action=maybe_recompile pc=0x000000000339c178 method=java.util.regex.Pattern$Curly.match0(Ljava/util/regex/Matcher;IILjava/lang/CharSequence;)Z @ 170
Event: 2.945 Thread 0x000000000133e000 Uncommon trap: reason=bimorphic action=maybe_recompile pc=0x000000000339c178 method=java.util.regex.Pattern$Curly.match0(Ljava/util/regex/Matcher;IILjava/lang/CharSequence;)Z @ 170
Event: 6.883 Thread 0x000000000133e000 Uncommon trap: reason=speculate_class_check action=maybe_recompile pc=0x00000000033e9d14 method=java.nio.charset.CharsetDecoder.decode(Ljava/nio/ByteBuffer;Ljava/nio/CharBuffer;Z)Ljava/nio/charset/CoderResult; @ 57
Event: 6.883 Thread 0x000000000133e000 Uncommon trap: reason=speculate_class_check action=maybe_recompile pc=0x00000000033e9d14 method=java.nio.charset.CharsetDecoder.decode(Ljava/nio/ByteBuffer;Ljava/nio/CharBuffer;Z)Ljava/nio/charset/CoderResult; @ 57
Event: 7.072 Thread 0x000000000133e000 Uncommon trap: reason=unreached action=reinterpret pc=0x00000000034869e4 method=java.lang.ref.ReferenceQueue.poll()Ljava/lang/ref/Reference; @ 4
Event: 11.324 Thread 0x000000000133e000 Uncommon trap: reason=unreached action=reinterpret pc=0x000000000360b44c method=org.apache.maven.model.merge.ModelMerger.mergePlugin_Extensions(Lorg/apache/maven/model/Plugin;Lorg/apache/maven/model/Plugin;ZLjava/util/Map;)V @ 8
Event: 11.777 Thread 0x000000000133e000 Uncommon trap: reason=unreached action=reinterpret pc=0x0000000003329f9c method=java.lang.ref.ReferenceQueue.poll()Ljava/lang/ref/Reference; @ 4

Internal exceptions (10 events):
Event: 14.797 Thread 0x000000000133e000 Exception <a 'java/security/PrivilegedActionException'> (0x00000000d66d3588) thrown at [C:\workspace\8-2-build-windows-amd64-cygwin\jdk8u31\2394\hotspot\src\share\vm\prims\jvm.cpp, line 1312]
Event: 14.797 Thread 0x000000000133e000 Exception <a 'java/security/PrivilegedActionException'> (0x00000000d66d3e30) thrown at [C:\workspace\8-2-build-windows-amd64-cygwin\jdk8u31\2394\hotspot\src\share\vm\prims\jvm.cpp, line 1312]
Event: 14.878 Thread 0x000000000133e000 Exception <a 'java/security/PrivilegedActionException'> (0x00000000d66e7f98) thrown at [C:\workspace\8-2-build-windows-amd64-cygwin\jdk8u31\2394\hotspot\src\share\vm\prims\jvm.cpp, line 1312]
Event: 14.891 Thread 0x000000000133e000 Exception <a 'java/security/PrivilegedActionException'> (0x00000000d67c6f08) thrown at [C:\workspace\8-2-build-windows-amd64-cygwin\jdk8u31\2394\hotspot\src\share\vm\prims\jvm.cpp, line 1312]
Event: 14.891 Thread 0x000000000133e000 Exception <a 'java/security/PrivilegedActionException'> (0x00000000d67c8658) thrown at [C:\workspace\8-2-build-windows-amd64-cygwin\jdk8u31\2394\hotspot\src\share\vm\prims\jvm.cpp, line 1312]
Event: 14.891 Thread 0x000000000133e000 Exception <a 'java/security/PrivilegedActionException'> (0x00000000d67c9db0) thrown at [C:\workspace\8-2-build-windows-amd64-cygwin\jdk8u31\2394\hotspot\src\share\vm\prims\jvm.cpp, line 1312]
Event: 14.891 Thread 0x000000000133e000 Exception <a 'java/security/PrivilegedActionException'> (0x00000000d67cb428) thrown at [C:\workspace\8-2-build-windows-amd64-cygwin\jdk8u31\2394\hotspot\src\share\vm\prims\jvm.cpp, line 1312]
Event: 14.903 Thread 0x000000000133e000 Exception <a 'java/security/PrivilegedActionException'> (0x00000000d67ebaa8) thrown at [C:\workspace\8-2-build-windows-amd64-cygwin\jdk8u31\2394\hotspot\src\share\vm\prims\jvm.cpp, line 1312]
Event: 14.904 Thread 0x000000000133e000 Exception <a 'java/security/PrivilegedActionException'> (0x00000000d67f8368) thrown at [C:\workspace\8-2-build-windows-amd64-cygwin\jdk8u31\2394\hotspot\src\share\vm\prims\jvm.cpp, line 1312]
Event: 14.905 Thread 0x000000000133e000 Exception <a 'java/security/PrivilegedActionException'> (0x00000000d6801c90) thrown at [C:\workspace\8-2-build-windows-amd64-cygwin\jdk8u31\2394\hotspot\src\share\vm\prims\jvm.cpp, line 1312]

Events (10 events):
Event: 14.903 loading class org/apache/maven/shared/utils/io/DirectoryScanner
Event: 14.903 loading class org/apache/maven/shared/utils/io/DirectoryScanner done
Event: 14.904 loading class org/apache/maven/shared/utils/io/DirectoryScanResult
Event: 14.904 loading class org/apache/maven/shared/utils/io/DirectoryScanResult done
Event: 14.904 loading class org/apache/maven/shared/utils/io/DirectoryScanResult
Event: 14.904 loading class org/apache/maven/shared/utils/io/DirectoryScanResult done
Event: 14.905 loading class org/apache/maven/shared/utils/io/IOUtil
Event: 14.905 loading class org/apache/maven/shared/utils/io/IOUtil done
Event: 14.905 loading class org/apache/maven/shared/utils/io/IOUtil
Event: 14.905 loading class org/apache/maven/shared/utils/io/IOUtil done


Dynamic libraries:
0x00007ff69d700000 - 0x00007ff69d734000 	C:\Program Files\Java\jdk1.8.0_31\bin\java.exe
0x00007fff86740000 - 0x00007fff868ed000 	C:\WINDOWS\SYSTEM32\ntdll.dll
0x00007fff85010000 - 0x00007fff8514e000 	C:\WINDOWS\system32\KERNEL32.DLL
0x00007fff83a70000 - 0x00007fff83b85000 	C:\WINDOWS\system32\KERNELBASE.dll
0x00007fff82430000 - 0x00007fff824be000 	C:\WINDOWS\system32\apphelp.dll
0x00007fff5c190000 - 0x00007fff5c1e3000 	C:\WINDOWS\AppPatch\AppPatch64\AcGenral.DLL
0x00007fff84830000 - 0x00007fff848da000 	C:\WINDOWS\system32\msvcrt.dll
0x00007fff83650000 - 0x00007fff8367e000 	C:\WINDOWS\SYSTEM32\SspiCli.dll
0x00007fff84430000 - 0x00007fff84484000 	C:\WINDOWS\system32\SHLWAPI.dll
0x00007fff846b0000 - 0x00007fff84827000 	C:\WINDOWS\system32\USER32.dll
0x00007fff841e0000 - 0x00007fff84374000 	C:\WINDOWS\system32\ole32.dll
0x00007fff85150000 - 0x00007fff8667a000 	C:\WINDOWS\system32\SHELL32.dll
0x00007fff82e30000 - 0x00007fff82e51000 	C:\WINDOWS\SYSTEM32\USERENV.dll
0x00007fff84380000 - 0x00007fff8442a000 	C:\WINDOWS\system32\ADVAPI32.dll
0x00007fff76310000 - 0x00007fff7632e000 	C:\WINDOWS\SYSTEM32\MPR.dll
0x00007fff848e0000 - 0x00007fff84a21000 	C:\WINDOWS\system32\RPCRT4.dll
0x00007fff84c20000 - 0x00007fff84c79000 	C:\WINDOWS\SYSTEM32\sechost.dll
0x00007fff84d60000 - 0x00007fff84f71000 	C:\WINDOWS\SYSTEM32\combase.dll
0x00007fff84a70000 - 0x00007fff84bc0000 	C:\WINDOWS\system32\GDI32.dll
0x00007fff83890000 - 0x00007fff838a5000 	C:\WINDOWS\SYSTEM32\profapi.dll
0x00007fff820c0000 - 0x00007fff82172000 	C:\WINDOWS\SYSTEM32\SHCORE.dll
0x00007fff84a30000 - 0x00007fff84a66000 	C:\WINDOWS\system32\IMM32.DLL
0x00007fff83de0000 - 0x00007fff83f32000 	C:\WINDOWS\system32\MSCTF.dll
0x00007fff81980000 - 0x00007fff81bfb000 	C:\WINDOWS\WinSxS\amd64_microsoft.windows.common-controls_6595b64144ccf1df_6.0.9600.18006_none_623f33d3ecbe86e8\COMCTL32.dll
0x000000005df50000 - 0x000000005e022000 	C:\Program Files\Java\jdk1.8.0_31\jre\bin\msvcr100.dll
0x000000005bf90000 - 0x000000005c7ea000 	C:\Program Files\Java\jdk1.8.0_31\jre\bin\server\jvm.dll
0x00007fff76450000 - 0x00007fff76459000 	C:\WINDOWS\SYSTEM32\WSOCK32.dll
0x00007fff75190000 - 0x00007fff751b2000 	C:\WINDOWS\SYSTEM32\WINMM.dll
0x00007fff84f80000 - 0x00007fff84f87000 	C:\WINDOWS\system32\PSAPI.DLL
0x00007fff84490000 - 0x00007fff844ea000 	C:\WINDOWS\system32\WS2_32.dll
0x00007fff7a580000 - 0x00007fff7a5aa000 	C:\WINDOWS\SYSTEM32\WINMMBASE.dll
0x00007fff84f90000 - 0x00007fff84f99000 	C:\WINDOWS\system32\NSI.dll
0x00007fff83b90000 - 0x00007fff83bdf000 	C:\WINDOWS\SYSTEM32\cfgmgr32.dll
0x00007fff82690000 - 0x00007fff826b8000 	C:\WINDOWS\SYSTEM32\DEVOBJ.dll
0x000000005fae0000 - 0x000000005faef000 	C:\Program Files\Java\jdk1.8.0_31\jre\bin\verify.dll
0x000000005ed90000 - 0x000000005edb8000 	C:\Program Files\Java\jdk1.8.0_31\jre\bin\java.dll
0x000000005e8f0000 - 0x000000005e906000 	C:\Program Files\Java\jdk1.8.0_31\jre\bin\zip.dll
0x000000005e8d0000 - 0x000000005e8ea000 	C:\Program Files\Java\jdk1.8.0_31\jre\bin\net.dll
0x00007fff830a0000 - 0x00007fff830f9000 	C:\WINDOWS\system32\mswsock.dll
0x000000005e8b0000 - 0x000000005e8c1000 	C:\Program Files\Java\jdk1.8.0_31\jre\bin\nio.dll
0x00007fff74ed0000 - 0x00007fff75059000 	C:\WINDOWS\SYSTEM32\dbghelp.dll

VM Arguments:
jvm_args: -Dclassworlds.conf=C:\Program Files\NetBeans 7.4\java\maven\bin\m2.conf -Dmaven.home=C:\Program Files\NetBeans 7.4\java\maven 
java_command: org.codehaus.plexus.classworlds.launcher.Launcher -Dmaven.ext.class.path=C:\Program Files\NetBeans 7.4\java\maven-nblib\netbeans-eventspy.jar install
java_class_path (initial): C:\Program Files\NetBeans 7.4\java\maven\boot\plexus-classworlds-2.4.jar
Launcher Type: SUN_STANDARD

Environment Variables:
JAVA_HOME=C:\Program Files\Java\jdk1.8.0_31
PATH=C:\Program Files (x86)\NVIDIA Corporation\PhysX\Common;C:\oraclexe\app\oracle\product\11.2.0\server\bin;;%JAVA_HOME%\bin;C:\ProgramData\Oracle\Java\javapath;C:\Program Files (x86)\Intel\iCLS Client\;C:\Program Files\Intel\iCLS Client\;C:\WINDOWS\system32;C:\WINDOWS;C:\WINDOWS\System32\Wbem;C:\WINDOWS\System32\WindowsPowerShell\v1.0\;C:\Program Files (x86)\Windows Live\Shared;C:\Program Files\Intel\Intel(R) Management Engine Components\DAL;C:\Program Files\Intel\Intel(R) Management Engine Components\IPT;C:\Program Files (x86)\Intel\Intel(R) Management Engine Components\DAL;C:\Program Files (x86)\Intel\Intel(R) Management Engine Components\IPT;C:\Program Files (x86)\ATI Technologies\ATI.ACE\Core-Static;C:\Users\Batuhan\Downloads\openssl-0.0.8k_X64\bin;C:\Program Files\Microsoft SQL Server\110\Tools\Binn\;C:\Users\Batuhan\AppData\Local\GitHub\PortableGit_c2ba306e536fdf878271f7fe636a147ff37326ad\bin\git.exe;C:\Program Files (x86)\Microsoft SQL Server\110\Tools\Binn\;C:\Program Files\Microsoft SQL Server\110\DTS\Binn\;C:\Program Files (x86)\Microsoft SQL Server\110\Tools\Binn\ManagementStudio\;C:\Program Files (x86)\Microsoft SQL Server\110\DTS\Binn\;C:\Program Files (x86)\nodejs\;C:\Program Files (x86)\Skype\Phone\;C:\Program Files (x86)\QuickTime\QTSystem\;C:\Users\Batuhan\AppData\Roaming\npm
USERNAME=Batuhan
OS=Windows_NT
PROCESSOR_IDENTIFIER=Intel64 Family 6 Model 60 Stepping 3, GenuineIntel



---------------  S Y S T E M  ---------------

OS: Windows 8.1 , 64 bit Build 9600 

CPU:total 8 (4 cores per cpu, 2 threads per core) family 6 model 60 stepping 3, cmov, cx8, fxsr, mmx, sse, sse2, sse3, ssse3, sse4.1, sse4.2, popcnt, avx, avx2, aes, clmul, erms, rtm, lzcnt, ht, tsc, tscinvbit, bmi1, bmi2

Memory: 4k page, physical 8326412k(2230936k free), swap 11472140k(5120k free)

vm_info: Java HotSpot(TM) 64-Bit Server VM (25.31-b07) for windows-amd64 JRE (1.8.0_31-b13), built on Dec 17 2014 21:00:28 by "java_re" with MS VC++ 10.0 (VS2010)

time: Sun Feb 28 13:52:35 2016
elapsed time: 15 seconds (0d 0h 0m 15s)

